GROUP,PACKAGE,CLASS,INSTRUCTION_MISSED,INSTRUCTION_COVERED,BRANCH_MISSED,BRANCH_COVERED,LINE_MISSED,LINE_COVERED,COMPLEXITY_MISSED,COMPLEXITY_COVERED,METHOD_MISSED,METHOD_COVERED
IndividualProject,dev.coms4156.project.individualproject,Department,0,111,0,4,0,28,0,11,0,9
IndividualProject,dev.coms4156.project.individualproject,MyFileDatabase,15,112,1,5,6,27,1,8,0,6
IndividualProject,dev.coms4156.project.individualproject,Course,0,88,0,6,0,28,0,15,0,12
IndividualProject,dev.coms4156.project.individualproject,RouteController,145,561,9,57,43,104,10,41,3,15
IndividualProject,dev.coms4156.project.individualproject,IndividualProjectApplication,1179,38,4,2,204,11,6,4,3,4
