<?xml version="1.0" encoding="UTF-8"?>
<testsuite xmlns:xsi="http://www.w3.org/2001/XMLSchema-instance" xsi:noNamespaceSchemaLocation="https://maven.apache.org/surefire/maven-surefire-plugin/xsd/surefire-test-report-3.0.xsd" version="3.0" name="dev.coms4156.project.individualproject.MyFileDatabaseTests" time="0.049" tests="4" errors="0" skipped="0" failures="0">
  <properties>
[...]
</properties>
  <testcase name="testSaveContentsToFile" classname="dev.coms4156.project.individualproject.MyFileDatabaseTests" time="0.021"/>
  <testcase name="testToString" classname="dev.coms4156.project.individualproject.MyFileDatabaseTests" time="0.002"/>
  <testcase name="testSetAndGetMapping" classname="dev.coms4156.project.individualproject.MyFileDatabaseTests" time="0.002"/>
  <testcase name="testDeserializeObjectFromFile" classname="dev.coms4156.project.individualproject.MyFileDatabaseTests" time="0.013"/>
</testsuite>